Determining if the pthread_create exist failed with the following output:
Change Dir: /home/kaholi/GE/10Lec/exercise/bin/CMakeFiles/CMakeTmp

Run Build Command:"/usr/bin/make" "cmTC_20d0b/fast"
/usr/bin/make -f CMakeFiles/cmTC_20d0b.dir/build.make CMakeFiles/cmTC_20d0b.dir/build
make[1]: Entering directory '/home/kaholi/Dropbox/ITU/1st Semester/GE/10Lec/exercise/bin/CMakeFiles/CMakeTmp'
Building C object CMakeFiles/cmTC_20d0b.dir/CheckSymbolExists.c.o
/usr/bin/cc     -o CMakeFiles/cmTC_20d0b.dir/CheckSymbolExists.c.o   -c /home/kaholi/GE/10Lec/exercise/bin/CMakeFiles/CMakeTmp/CheckSymbolExists.c
Linking C executable cmTC_20d0b
/usr/bin/cmake -E cmake_link_script CMakeFiles/cmTC_20d0b.dir/link.txt --verbose=1
/usr/bin/cc       CMakeFiles/cmTC_20d0b.dir/CheckSymbolExists.c.o  -o cmTC_20d0b 
CMakeFiles/cmTC_20d0b.dir/CheckSymbolExists.c.o: In function `main':
CheckSymbolExists.c:(.text+0x16): undefined reference to `pthread_create'
collect2: error: ld returned 1 exit status
make[1]: *** [CMakeFiles/cmTC_20d0b.dir/build.make:98: cmTC_20d0b] Error 1
make[1]: Leaving directory '/home/kaholi/Dropbox/ITU/1st Semester/GE/10Lec/exercise/bin/CMakeFiles/CMakeTmp'
make: *** [Makefile:126: cmTC_20d0b/fast] Error 2

File /home/kaholi/GE/10Lec/exercise/bin/CMakeFiles/CMakeTmp/CheckSymbolExists.c:
/* */
#include <pthread.h>

int main(int argc, char** argv)
{
  (void)argv;
#ifndef pthread_create
  return ((int*)(&pthread_create))[argc];
#else
  (void)argc;
  return 0;
#endif
}

Determining if the function pthread_create exists in the pthreads failed with the following output:
Change Dir: /home/kaholi/GE/10Lec/exercise/bin/CMakeFiles/CMakeTmp

Run Build Command:"/usr/bin/make" "cmTC_6e815/fast"
/usr/bin/make -f CMakeFiles/cmTC_6e815.dir/build.make CMakeFiles/cmTC_6e815.dir/build
make[1]: Entering directory '/home/kaholi/Dropbox/ITU/1st Semester/GE/10Lec/exercise/bin/CMakeFiles/CMakeTmp'
Building C object CMakeFiles/cmTC_6e815.dir/CheckFunctionExists.c.o
/usr/bin/cc    -DCHECK_FUNCTION_EXISTS=pthread_create   -o CMakeFiles/cmTC_6e815.dir/CheckFunctionExists.c.o   -c /usr/share/cmake-3.6/Modules/CheckFunctionExists.c
Linking C executable cmTC_6e815
/usr/bin/cmake -E cmake_link_script CMakeFiles/cmTC_6e815.dir/link.txt --verbose=1
/usr/bin/cc   -DCHECK_FUNCTION_EXISTS=pthread_create    CMakeFiles/cmTC_6e815.dir/CheckFunctionExists.c.o  -o cmTC_6e815 -lpthreads 
/usr/bin/ld: cannot find -lpthreads
collect2: error: ld returned 1 exit status
make[1]: *** [CMakeFiles/cmTC_6e815.dir/build.make:98: cmTC_6e815] Error 1
make[1]: Leaving directory '/home/kaholi/Dropbox/ITU/1st Semester/GE/10Lec/exercise/bin/CMakeFiles/CMakeTmp'
make: *** [Makefile:126: cmTC_6e815/fast] Error 2


